Using pre-set license
Built from '2020.3/staging' branch; Version is '2020.3.16f1 (049d6eca3c44) revision 302446'; Using compiler version '192528614'; Build Type 'Release'
OS: 'Windows 10 Home Single Language; OS build 19042.1415; Version 2009; 64bit' Language: 'en' Physical Memory: 6058 MB
BatchMode: 1, IsHumanControllingUs: 0, StartBugReporterOnCrash: 0, Is64bit: 1, IsPro: 0

 COMMAND LINE ARGUMENTS:
C:\Program Files\Unity\Hub\Editor\2020.3.16f1\Editor\Unity.exe
-adb2
-batchMode
-noUpm
-name
AssetImportWorker0
-projectPath
D:/unity/Multi Image tracking AR
-logFile
Logs/AssetImportWorker0.log
-srvPort
54653
Successfully changed project path to: D:/unity/Multi Image tracking AR
D:/unity/Multi Image tracking AR
Using Asset Import Pipeline V2.
Refreshing native plugins compatible for Editor in 234.51 ms, found 2 plugins.
Preloading 0 native plugins for Editor in 0.00 ms.
Initialize engine version: 2020.3.16f1 (049d6eca3c44)
[Subsystems] Discovering subsystems at path C:/Program Files/Unity/Hub/Editor/2020.3.16f1/Editor/Data/Resources/UnitySubsystems
[Subsystems] Discovering subsystems at path D:/unity/Multi Image tracking AR/Assets
GfxDevice: creating device client; threaded=0
Direct3D:
    Version:  Direct3D 11.0 [level 11.1]
    Renderer: AMD Radeon(TM) Vega 8 Graphics (ID=0x15d8)
    Vendor:   
    VRAM:     3029 MB
    Driver:   27.20.15030.5001
Initialize mono
Mono path[0] = 'C:/Program Files/Unity/Hub/Editor/2020.3.16f1/Editor/Data/Managed'
Mono path[1] = 'C:/Program Files/Unity/Hub/Editor/2020.3.16f1/Editor/Data/MonoBleedingEdge/lib/mono/unityjit'
Mono config path = 'C:/Program Files/Unity/Hub/Editor/2020.3.16f1/Editor/Data/MonoBleedingEdge/etc'
Using monoOptions --debugger-agent=transport=dt_socket,embedding=1,server=y,suspend=n,address=127.0.0.1:56172
Begin MonoManager ReloadAssembly
Registering precompiled unity dll's ...
Register platform support module: C:/Program Files/Unity/Hub/Editor/2020.3.16f1/Editor/Data/PlaybackEngines/WindowsStandaloneSupport/UnityEditor.WindowsStandalone.Extensions.dll
Registered in 0.005090 seconds.
Native extension for WindowsStandalone target not found
Refreshing native plugins compatible for Editor in 40.51 ms, found 2 plugins.
Preloading 0 native plugins for Editor in 0.00 ms.
Mono: successfully reloaded assembly
- Completed reload, in  4.293 seconds
Domain Reload Profiling:
	ReloadAssembly (4293ms)
		BeginReloadAssembly (74ms)
			ExecutionOrderSort (0ms)
			DisableScriptedObjects (0ms)
			BackupInstance (0ms)
			ReleaseScriptingObjects (0ms)
			CreateAndSetChildDomain (1ms)
		EndReloadAssembly (532ms)
			LoadAssemblies (70ms)
			RebuildTransferFunctionScriptingTraits (0ms)
			SetupTypeCache (186ms)
			ReleaseScriptCaches (0ms)
			RebuildScriptCaches (40ms)
			SetupLoadedEditorAssemblies (210ms)
				LogAssemblyErrors (0ms)
				InitializePlatformSupportModulesInManaged (5ms)
				SetLoadedEditorAssemblies (0ms)
				RefreshPlugins (41ms)
				BeforeProcessingInitializeOnLoad (14ms)
				ProcessInitializeOnLoadAttributes (107ms)
				ProcessInitializeOnLoadMethodAttributes (42ms)
				AfterProcessingInitializeOnLoad (0ms)
				EditorAssembliesLoaded (0ms)
			ExecutionOrderSort2 (0ms)
			AwakeInstancesAfterBackupRestoration (0ms)
Platform modules already initialized, skipping
Registering precompiled user dll's ...
Registered in 0.184118 seconds.
Begin MonoManager ReloadAssembly
Native extension for WindowsStandalone target not found
Refreshing native plugins compatible for Editor in 39.47 ms, found 2 plugins.
Preloading 0 native plugins for Editor in 0.00 ms.
Mono: successfully reloaded assembly
- Completed reload, in  1.913 seconds
Domain Reload Profiling:
	ReloadAssembly (1913ms)
		BeginReloadAssembly (178ms)
			ExecutionOrderSort (0ms)
			DisableScriptedObjects (6ms)
			BackupInstance (0ms)
			ReleaseScriptingObjects (0ms)
			CreateAndSetChildDomain (26ms)
		EndReloadAssembly (1654ms)
			LoadAssemblies (570ms)
			RebuildTransferFunctionScriptingTraits (0ms)
			SetupTypeCache (343ms)
			ReleaseScriptCaches (1ms)
			RebuildScriptCaches (64ms)
			SetupLoadedEditorAssemblies (507ms)
				LogAssemblyErrors (0ms)
				InitializePlatformSupportModulesInManaged (5ms)
				SetLoadedEditorAssemblies (0ms)
				RefreshPlugins (40ms)
				BeforeProcessingInitializeOnLoad (94ms)
				ProcessInitializeOnLoadAttributes (352ms)
				ProcessInitializeOnLoadMethodAttributes (5ms)
				AfterProcessingInitializeOnLoad (9ms)
				EditorAssembliesLoaded (0ms)
			ExecutionOrderSort2 (0ms)
			AwakeInstancesAfterBackupRestoration (9ms)
Platform modules already initialized, skipping
========================================================================
Worker process is ready to serve import requests
Launched and connected shader compiler UnityShaderCompiler.exe after 0.10 seconds
Refreshing native plugins compatible for Editor in 0.68 ms, found 2 plugins.
Preloading 0 native plugins for Editor in 0.00 ms.
Unloading 1819 Unused Serialized files (Serialized files now loaded: 0)
System memory in use before: 78.6 MB.
System memory in use after: 78.7 MB.

Unloading 20 unused Assets to reduce memory usage. Loaded Objects now: 2252.
Total: 5.756500 ms (FindLiveObjects: 0.331900 ms CreateObjectMapping: 0.105400 ms MarkObjects: 5.204000 ms  DeleteObjects: 0.113100 ms)

AssetImportParameters requested are different than current active one (requested -> active):
  custom:framework-win-MediaFoundation: 216162199b28c13a410421893ffa2e32 -> 
  custom:video-decoder-ogg-theora: a1e56fd34408186e4bbccfd4996cb3dc -> 
  custom:container-muxer-webm: aa71ff27fc2769a1b78a27578f13a17b -> 
  custom:container-demuxer-webm: 4f35f7cbe854078d1ac9338744f61a02 -> 
  custom:container-demuxer-ogg: 62fdf1f143b41e24485cea50d1cbac27 -> 
  custom:video-encoder-webm-vp8: eb34c28f22e8b96e1ab97ce403110664 -> 
  custom:video-decoder-webm-vp8: 9c59270c3fd7afecdb556c50c9e8de78 -> 
  custom:audio-decoder-ogg-vorbis: bf7c407c2cedff20999df2af8eb42d56 -> 
  custom:audio-encoder-webm-vorbis: bf7c407c2cedff20999df2af8eb42d56 -> 
========================================================================
Received Import Request.
  path: Assets/Scripts/ImageTracking.cs
  artifactKey: Guid(4822fb2f113c3f1459372c3b22ad5690) Importer(815301076,1909f56bfc062723c751e8b465ee728b)
Start importing Assets/Scripts/ImageTracking.cs using Guid(4822fb2f113c3f1459372c3b22ad5690) Importer(815301076,1909f56bfc062723c751e8b465ee728b)  -> (artifact id: 'b50ccbd82eba0d22f71f5c06ae71f64d') in 0.031722 seconds 
  Import took 0.061181 seconds .

========================================================================
Received Import Request.
  Time since last request: 120.011331 seconds.
  path: Assets/Scripts/ImageTracking.cs
  artifactKey: Guid(4822fb2f113c3f1459372c3b22ad5690) Importer(815301076,1909f56bfc062723c751e8b465ee728b)
Start importing Assets/Scripts/ImageTracking.cs using Guid(4822fb2f113c3f1459372c3b22ad5690) Importer(815301076,1909f56bfc062723c751e8b465ee728b)  -> (artifact id: 'e03bf87f0aa023d857dc415e39e3b017') in 0.002843 seconds 
  Import took 0.114586 seconds .

========================================================================
Received Prepare
Registering precompiled user dll's ...
Registered in 0.004993 seconds.
Begin MonoManager ReloadAssembly
Native extension for WindowsStandalone target not found
Refreshing native plugins compatible for Editor in 0.53 ms, found 2 plugins.
Preloading 0 native plugins for Editor in 0.00 ms.
Mono: successfully reloaded assembly
- Completed reload, in  1.364 seconds
Domain Reload Profiling:
	ReloadAssembly (1366ms)
		BeginReloadAssembly (169ms)
			ExecutionOrderSort (0ms)
			DisableScriptedObjects (6ms)
			BackupInstance (0ms)
			ReleaseScriptingObjects (0ms)
			CreateAndSetChildDomain (49ms)
		EndReloadAssembly (1102ms)
			LoadAssemblies (128ms)
			RebuildTransferFunctionScriptingTraits (0ms)
			SetupTypeCache (378ms)
			ReleaseScriptCaches (1ms)
			RebuildScriptCaches (49ms)
			SetupLoadedEditorAssemblies (449ms)
				LogAssemblyErrors (0ms)
				InitializePlatformSupportModulesInManaged (6ms)
				SetLoadedEditorAssemblies (1ms)
				RefreshPlugins (1ms)
				BeforeProcessingInitializeOnLoad (82ms)
				ProcessInitializeOnLoadAttributes (345ms)
				ProcessInitializeOnLoadMethodAttributes (5ms)
				AfterProcessingInitializeOnLoad (9ms)
				EditorAssembliesLoaded (0ms)
			ExecutionOrderSort2 (0ms)
			AwakeInstancesAfterBackupRestoration (9ms)
Platform modules already initialized, skipping
Refreshing native plugins compatible for Editor in 0.52 ms, found 2 plugins.
Preloading 0 native plugins for Editor in 0.00 ms.
Unloading 1806 Unused Serialized files (Serialized files now loaded: 0)
System memory in use before: 78.1 MB.
System memory in use after: 78.2 MB.

Unloading 15 unused Assets to reduce memory usage. Loaded Objects now: 2255.
Total: 5.419800 ms (FindLiveObjects: 0.292600 ms CreateObjectMapping: 0.085300 ms MarkObjects: 4.978400 ms  DeleteObjects: 0.061400 ms)

AssetImportParameters requested are different than current active one (requested -> active):
  custom:framework-win-MediaFoundation: 216162199b28c13a410421893ffa2e32 -> 
  custom:video-decoder-ogg-theora: a1e56fd34408186e4bbccfd4996cb3dc -> 
  custom:container-muxer-webm: aa71ff27fc2769a1b78a27578f13a17b -> 
  custom:container-demuxer-webm: 4f35f7cbe854078d1ac9338744f61a02 -> 
  custom:container-demuxer-ogg: 62fdf1f143b41e24485cea50d1cbac27 -> 
  custom:video-encoder-webm-vp8: eb34c28f22e8b96e1ab97ce403110664 -> 
  custom:video-decoder-webm-vp8: 9c59270c3fd7afecdb556c50c9e8de78 -> 
  custom:audio-decoder-ogg-vorbis: bf7c407c2cedff20999df2af8eb42d56 -> 
  custom:audio-encoder-webm-vorbis: bf7c407c2cedff20999df2af8eb42d56 -> 
========================================================================
Received Import Request.
  Time since last request: 91.723612 seconds.
  path: Assets/Scripts/ImageTracking.cs
  artifactKey: Guid(4822fb2f113c3f1459372c3b22ad5690) Importer(815301076,1909f56bfc062723c751e8b465ee728b)
Start importing Assets/Scripts/ImageTracking.cs using Guid(4822fb2f113c3f1459372c3b22ad5690) Importer(815301076,1909f56bfc062723c751e8b465ee728b)  -> (artifact id: 'd150a6ba7df51679553bb99daa2172bd') in 0.005836 seconds 
  Import took 0.114573 seconds .

========================================================================
Received Import Request.
  Time since last request: 91.307763 seconds.
  path: Assets/Prefabs/ReferenceImageLibrary.asset
  artifactKey: Guid(6140ebf2137177e4b80c4053f6979fd0) Importer(815301076,1909f56bfc062723c751e8b465ee728b)
Start importing Assets/Prefabs/ReferenceImageLibrary.asset using Guid(6140ebf2137177e4b80c4053f6979fd0) Importer(815301076,1909f56bfc062723c751e8b465ee728b)  -> (artifact id: '16e98ef03b7b0fae5a08c8329d28344f') in 0.033595 seconds 
  Import took 0.081153 seconds .

========================================================================
Received Prepare
Registering precompiled user dll's ...
Registered in 0.003423 seconds.
Begin MonoManager ReloadAssembly
Native extension for WindowsStandalone target not found
Refreshing native plugins compatible for Editor in 0.71 ms, found 2 plugins.
Preloading 0 native plugins for Editor in 0.00 ms.
Mono: successfully reloaded assembly
- Completed reload, in  1.500 seconds
Domain Reload Profiling:
	ReloadAssembly (1501ms)
		BeginReloadAssembly (149ms)
			ExecutionOrderSort (0ms)
			DisableScriptedObjects (6ms)
			BackupInstance (0ms)
			ReleaseScriptingObjects (0ms)
			CreateAndSetChildDomain (45ms)
		EndReloadAssembly (1269ms)
			LoadAssemblies (121ms)
			RebuildTransferFunctionScriptingTraits (0ms)
			SetupTypeCache (385ms)
			ReleaseScriptCaches (1ms)
			RebuildScriptCaches (57ms)
			SetupLoadedEditorAssemblies (537ms)
				LogAssemblyErrors (0ms)
				InitializePlatformSupportModulesInManaged (8ms)
				SetLoadedEditorAssemblies (1ms)
				RefreshPlugins (1ms)
				BeforeProcessingInitializeOnLoad (104ms)
				ProcessInitializeOnLoadAttributes (408ms)
				ProcessInitializeOnLoadMethodAttributes (6ms)
				AfterProcessingInitializeOnLoad (9ms)
				EditorAssembliesLoaded (0ms)
			ExecutionOrderSort2 (0ms)
			AwakeInstancesAfterBackupRestoration (12ms)
Platform modules already initialized, skipping
Switching build target platform(19) subTarget(0) extendedPlatform(0) -> platform(13) subTarget(537395200) extendedPlatform(0)
Refreshing native plugins compatible for Editor in 0.63 ms, found 2 plugins.
Preloading 0 native plugins for Editor in 0.00 ms.
Unloading 1810 Unused Serialized files (Serialized files now loaded: 0)
System memory in use before: 78.1 MB.
System memory in use after: 78.2 MB.

Unloading 15 unused Assets to reduce memory usage. Loaded Objects now: 2258.
Total: 4.918100 ms (FindLiveObjects: 0.312500 ms CreateObjectMapping: 0.086600 ms MarkObjects: 4.456900 ms  DeleteObjects: 0.059200 ms)

AssetImportParameters requested are different than current active one (requested -> active):
  custom:framework-win-MediaFoundation: 216162199b28c13a410421893ffa2e32 -> 
  custom:video-decoder-ogg-theora: a1e56fd34408186e4bbccfd4996cb3dc -> 
  custom:container-muxer-webm: aa71ff27fc2769a1b78a27578f13a17b -> 
  custom:container-demuxer-webm: 4f35f7cbe854078d1ac9338744f61a02 -> 
  custom:container-demuxer-ogg: 62fdf1f143b41e24485cea50d1cbac27 -> 
  custom:video-encoder-webm-vp8: eb34c28f22e8b96e1ab97ce403110664 -> 
  custom:video-decoder-webm-vp8: 9c59270c3fd7afecdb556c50c9e8de78 -> 
  custom:graphics/normal-map-encoding: 01000000000000000000000000000000 -> 02000000000000000000000000000000
  custom:audio-decoder-ogg-vorbis: bf7c407c2cedff20999df2af8eb42d56 -> 
  custom:audio-encoder-webm-vorbis: bf7c407c2cedff20999df2af8eb42d56 -> 
========================================================================
Received Prepare
Refreshing native plugins compatible for Editor in 3.90 ms, found 2 plugins.
Preloading 0 native plugins for Editor in 0.00 ms.
Unloading 12 Unused Serialized files (Serialized files now loaded: 0)
System memory in use before: 42.3 MB.
System memory in use after: 42.4 MB.

Unloading 12 unused Assets to reduce memory usage. Loaded Objects now: 2258.
Total: 5.212500 ms (FindLiveObjects: 0.323100 ms CreateObjectMapping: 0.068200 ms MarkObjects: 4.753500 ms  DeleteObjects: 0.065900 ms)

AssetImportParameters requested are different than current active one (requested -> active):
  custom:framework-win-MediaFoundation: 216162199b28c13a410421893ffa2e32 -> 
  custom:video-decoder-ogg-theora: a1e56fd34408186e4bbccfd4996cb3dc -> 
  custom:container-muxer-webm: aa71ff27fc2769a1b78a27578f13a17b -> 
  custom:container-demuxer-webm: 4f35f7cbe854078d1ac9338744f61a02 -> 
  custom:container-demuxer-ogg: 62fdf1f143b41e24485cea50d1cbac27 -> 
  custom:video-encoder-webm-vp8: eb34c28f22e8b96e1ab97ce403110664 -> 
  custom:video-decoder-webm-vp8: 9c59270c3fd7afecdb556c50c9e8de78 -> 
  custom:audio-decoder-ogg-vorbis: bf7c407c2cedff20999df2af8eb42d56 -> 
  custom:audio-encoder-webm-vorbis: bf7c407c2cedff20999df2af8eb42d56 -> 
========================================================================
Received Prepare
Refreshing native plugins compatible for Editor in 3.70 ms, found 2 plugins.
Preloading 0 native plugins for Editor in 0.00 ms.
Unloading 12 Unused Serialized files (Serialized files now loaded: 0)
System memory in use before: 42.3 MB.
System memory in use after: 42.4 MB.

Unloading 12 unused Assets to reduce memory usage. Loaded Objects now: 2258.
Total: 5.567900 ms (FindLiveObjects: 0.228200 ms CreateObjectMapping: 0.058300 ms MarkObjects: 5.220200 ms  DeleteObjects: 0.059500 ms)

AssetImportParameters requested are different than current active one (requested -> active):
  custom:framework-win-MediaFoundation: 216162199b28c13a410421893ffa2e32 -> 
  custom:video-decoder-ogg-theora: a1e56fd34408186e4bbccfd4996cb3dc -> 
  custom:container-muxer-webm: aa71ff27fc2769a1b78a27578f13a17b -> 
  custom:container-demuxer-webm: 4f35f7cbe854078d1ac9338744f61a02 -> 
  custom:container-demuxer-ogg: 62fdf1f143b41e24485cea50d1cbac27 -> 
  custom:video-encoder-webm-vp8: eb34c28f22e8b96e1ab97ce403110664 -> 
  custom:video-decoder-webm-vp8: 9c59270c3fd7afecdb556c50c9e8de78 -> 
  custom:audio-decoder-ogg-vorbis: bf7c407c2cedff20999df2af8eb42d56 -> 
  custom:audio-encoder-webm-vorbis: bf7c407c2cedff20999df2af8eb42d56 -> 
========================================================================
Received Prepare
Refreshing native plugins compatible for Editor in 3.25 ms, found 2 plugins.
Preloading 0 native plugins for Editor in 0.00 ms.
Unloading 12 Unused Serialized files (Serialized files now loaded: 0)
System memory in use before: 42.3 MB.
System memory in use after: 42.4 MB.

Unloading 12 unused Assets to reduce memory usage. Loaded Objects now: 2258.
Total: 5.724300 ms (FindLiveObjects: 0.296400 ms CreateObjectMapping: 0.064800 ms MarkObjects: 5.304800 ms  DeleteObjects: 0.056500 ms)

AssetImportParameters requested are different than current active one (requested -> active):
  custom:framework-win-MediaFoundation: 216162199b28c13a410421893ffa2e32 -> 
  custom:video-decoder-ogg-theora: a1e56fd34408186e4bbccfd4996cb3dc -> 
  custom:container-muxer-webm: aa71ff27fc2769a1b78a27578f13a17b -> 
  custom:container-demuxer-webm: 4f35f7cbe854078d1ac9338744f61a02 -> 
  custom:container-demuxer-ogg: 62fdf1f143b41e24485cea50d1cbac27 -> 
  custom:video-encoder-webm-vp8: eb34c28f22e8b96e1ab97ce403110664 -> 
  custom:video-decoder-webm-vp8: 9c59270c3fd7afecdb556c50c9e8de78 -> 
  custom:audio-decoder-ogg-vorbis: bf7c407c2cedff20999df2af8eb42d56 -> 
  custom:audio-encoder-webm-vorbis: bf7c407c2cedff20999df2af8eb42d56 -> 
========================================================================
Received Import Request.
  Time since last request: 737.810563 seconds.
  path: Assets/Scenes/SampleScene.unity
  artifactKey: Guid(9fc0d4010bbf28b4594072e72b8655ab) Importer(815301076,1909f56bfc062723c751e8b465ee728b)
Start importing Assets/Scenes/SampleScene.unity using Guid(9fc0d4010bbf28b4594072e72b8655ab) Importer(815301076,1909f56bfc062723c751e8b465ee728b)  -> (artifact id: 'd89ee4cafe8e798cef58bebe6cfe187c') in 0.014869 seconds 
  Import took 0.322461 seconds .

========================================================================
Received Import Request.
  Time since last request: 5.194546 seconds.
  path: Assets/Texture/charizard.jpeg
  artifactKey: Guid(4094f2b0ad94acd46a1747ae5cfc4e92) Importer(815301076,1909f56bfc062723c751e8b465ee728b)
Start importing Assets/Texture/charizard.jpeg using Guid(4094f2b0ad94acd46a1747ae5cfc4e92) Importer(815301076,1909f56bfc062723c751e8b465ee728b)  -> (artifact id: 'fdd42d64729275e47eecc683ce760d74') in 0.213798 seconds 
  Import took 0.218356 seconds .

========================================================================
Received Import Request.
  Time since last request: 0.000296 seconds.
  path: Assets/Texture/Squirtle .jpeg
  artifactKey: Guid(1e1bcac8bd4f54545aebdf9b88e287cb) Importer(815301076,1909f56bfc062723c751e8b465ee728b)
Start importing Assets/Texture/Squirtle .jpeg using Guid(1e1bcac8bd4f54545aebdf9b88e287cb) Importer(815301076,1909f56bfc062723c751e8b465ee728b)  -> (artifact id: '1a73c184bd30d9b1fcb3113499f81238') in 0.021457 seconds 
  Import took 0.031452 seconds .

========================================================================
Received Import Request.
  Time since last request: 0.000342 seconds.
  path: Assets/Texture/pikachu.jpeg
  artifactKey: Guid(45eb6d1adb2cea94d9b05bb643fd5d2b) Importer(815301076,1909f56bfc062723c751e8b465ee728b)
Start importing Assets/Texture/pikachu.jpeg using Guid(45eb6d1adb2cea94d9b05bb643fd5d2b) Importer(815301076,1909f56bfc062723c751e8b465ee728b)  -> (artifact id: '3c045c87792275c3cdc147e457ae277c') in 0.013365 seconds 
  Import took 0.017770 seconds .

========================================================================
Received Prepare
Refreshing native plugins compatible for Editor in 3.79 ms, found 2 plugins.
Preloading 0 native plugins for Editor in 0.00 ms.
Unloading 12 Unused Serialized files (Serialized files now loaded: 0)
System memory in use before: 42.4 MB.
System memory in use after: 42.5 MB.

Unloading 12 unused Assets to reduce memory usage. Loaded Objects now: 2260.
Total: 5.625000 ms (FindLiveObjects: 0.255700 ms CreateObjectMapping: 0.084800 ms MarkObjects: 5.227600 ms  DeleteObjects: 0.055300 ms)

AssetImportParameters requested are different than current active one (requested -> active):
  custom:framework-win-MediaFoundation: 216162199b28c13a410421893ffa2e32 -> 
  custom:video-decoder-ogg-theora: a1e56fd34408186e4bbccfd4996cb3dc -> 
  custom:container-muxer-webm: aa71ff27fc2769a1b78a27578f13a17b -> 
  custom:container-demuxer-webm: 4f35f7cbe854078d1ac9338744f61a02 -> 
  custom:container-demuxer-ogg: 62fdf1f143b41e24485cea50d1cbac27 -> 
  custom:video-encoder-webm-vp8: eb34c28f22e8b96e1ab97ce403110664 -> 
  custom:video-decoder-webm-vp8: 9c59270c3fd7afecdb556c50c9e8de78 -> 
  custom:audio-decoder-ogg-vorbis: bf7c407c2cedff20999df2af8eb42d56 -> 
  custom:audio-encoder-webm-vorbis: bf7c407c2cedff20999df2af8eb42d56 -> 
========================================================================
Received Prepare
Refreshing native plugins compatible for Editor in 4.37 ms, found 2 plugins.
Preloading 0 native plugins for Editor in 0.00 ms.
Unloading 12 Unused Serialized files (Serialized files now loaded: 0)
System memory in use before: 42.4 MB.
System memory in use after: 42.5 MB.

Unloading 12 unused Assets to reduce memory usage. Loaded Objects now: 2260.
Total: 5.841200 ms (FindLiveObjects: 0.275100 ms CreateObjectMapping: 0.075800 ms MarkObjects: 5.436500 ms  DeleteObjects: 0.051900 ms)

AssetImportParameters requested are different than current active one (requested -> active):
  custom:framework-win-MediaFoundation: 216162199b28c13a410421893ffa2e32 -> 
  custom:video-decoder-ogg-theora: a1e56fd34408186e4bbccfd4996cb3dc -> 
  custom:container-muxer-webm: aa71ff27fc2769a1b78a27578f13a17b -> 
  custom:container-demuxer-webm: 4f35f7cbe854078d1ac9338744f61a02 -> 
  custom:container-demuxer-ogg: 62fdf1f143b41e24485cea50d1cbac27 -> 
  custom:video-encoder-webm-vp8: eb34c28f22e8b96e1ab97ce403110664 -> 
  custom:video-decoder-webm-vp8: 9c59270c3fd7afecdb556c50c9e8de78 -> 
  custom:audio-decoder-ogg-vorbis: bf7c407c2cedff20999df2af8eb42d56 -> 
  custom:audio-encoder-webm-vorbis: bf7c407c2cedff20999df2af8eb42d56 -> 
========================================================================
Received Import Request.
  Time since last request: 632.444771 seconds.
  path: Assets/Scenes/exp.unity
  artifactKey: Guid(f16e9b4654abe484487f79b99ba8d8a3) Importer(815301076,1909f56bfc062723c751e8b465ee728b)
Start importing Assets/Scenes/exp.unity using Guid(f16e9b4654abe484487f79b99ba8d8a3) Importer(815301076,1909f56bfc062723c751e8b465ee728b)  -> (artifact id: '64a46f4cc5fc534c9cc64b4883fa7156') in 0.004368 seconds 
  Import took 0.010905 seconds .

========================================================================
Received Import Request.
  Time since last request: 0.004234 seconds.
  path: Assets/Scenes/exp.unity
  artifactKey: Guid(f16e9b4654abe484487f79b99ba8d8a3) Importer(815301076,1909f56bfc062723c751e8b465ee728b)
Start importing Assets/Scenes/exp.unity using Guid(f16e9b4654abe484487f79b99ba8d8a3) Importer(815301076,1909f56bfc062723c751e8b465ee728b)  -> (artifact id: '64a46f4cc5fc534c9cc64b4883fa7156') in 0.003197 seconds 
  Import took 0.008036 seconds .

========================================================================
Received Import Request.
  Time since last request: 49.307946 seconds.
  path: Assets/Scenes/exp.unity
  artifactKey: Guid(f16e9b4654abe484487f79b99ba8d8a3) Importer(815301076,1909f56bfc062723c751e8b465ee728b)
Start importing Assets/Scenes/exp.unity using Guid(f16e9b4654abe484487f79b99ba8d8a3) Importer(815301076,1909f56bfc062723c751e8b465ee728b)  -> (artifact id: '720417e2ce8f7a94c2e34a8dc56ecc5c') in 0.011291 seconds 
  Import took 0.015582 seconds .

========================================================================
Received Import Request.
  Time since last request: 127.500490 seconds.
  path: Assets/Prefabs/ReferenceImageLibrary 1.asset
  artifactKey: Guid(4b9d0969d2773d14ca2689b166d08910) Importer(815301076,1909f56bfc062723c751e8b465ee728b)
Start importing Assets/Prefabs/ReferenceImageLibrary 1.asset using Guid(4b9d0969d2773d14ca2689b166d08910) Importer(815301076,1909f56bfc062723c751e8b465ee728b)  -> (artifact id: '8e2ea2ab0e924daf5039d34ec67a56f2') in 0.157716 seconds 
  Import took 0.161770 seconds .

========================================================================
Received Import Request.
  Time since last request: 245.193066 seconds.
  path: Assets/Prefabs/Sphere.prefab
  artifactKey: Guid(2869dcb3f62b2cd4999037ce28f17b3d) Importer(815301076,1909f56bfc062723c751e8b465ee728b)
Start importing Assets/Prefabs/Sphere.prefab using Guid(2869dcb3f62b2cd4999037ce28f17b3d) Importer(815301076,1909f56bfc062723c751e8b465ee728b)  -> (artifact id: 'de0443b01a8a23257a2a5b779d3b80fc') in 0.121258 seconds 
  Import took 0.151657 seconds .

========================================================================
Received Prepare
Refreshing native plugins compatible for Editor in 4.35 ms, found 2 plugins.
Preloading 0 native plugins for Editor in 0.00 ms.
Unloading 12 Unused Serialized files (Serialized files now loaded: 0)
System memory in use before: 45.8 MB.
System memory in use after: 45.9 MB.

Unloading 13 unused Assets to reduce memory usage. Loaded Objects now: 2267.
Total: 6.389800 ms (FindLiveObjects: 0.299100 ms CreateObjectMapping: 0.105800 ms MarkObjects: 5.911700 ms  DeleteObjects: 0.071100 ms)

AssetImportParameters requested are different than current active one (requested -> active):
  custom:framework-win-MediaFoundation: 216162199b28c13a410421893ffa2e32 -> 
  custom:video-decoder-ogg-theora: a1e56fd34408186e4bbccfd4996cb3dc -> 
  custom:container-muxer-webm: aa71ff27fc2769a1b78a27578f13a17b -> 
  custom:container-demuxer-webm: 4f35f7cbe854078d1ac9338744f61a02 -> 
  custom:container-demuxer-ogg: 62fdf1f143b41e24485cea50d1cbac27 -> 
  custom:video-encoder-webm-vp8: eb34c28f22e8b96e1ab97ce403110664 -> 
  custom:video-decoder-webm-vp8: 9c59270c3fd7afecdb556c50c9e8de78 -> 
  custom:audio-decoder-ogg-vorbis: bf7c407c2cedff20999df2af8eb42d56 -> 
  custom:audio-encoder-webm-vorbis: bf7c407c2cedff20999df2af8eb42d56 -> 
========================================================================
Received Import Request.
  Time since last request: 84.335713 seconds.
  path: Assets/Prefabs/ReferenceImageLibrary 1.asset
  artifactKey: Guid(4b9d0969d2773d14ca2689b166d08910) Importer(815301076,1909f56bfc062723c751e8b465ee728b)
Start importing Assets/Prefabs/ReferenceImageLibrary 1.asset using Guid(4b9d0969d2773d14ca2689b166d08910) Importer(815301076,1909f56bfc062723c751e8b465ee728b)  -> (artifact id: 'a72e552e6c0e2a0150f5bb5055b03865') in 0.027101 seconds 
  Import took 0.031911 seconds .

========================================================================
Received Import Request.
  Time since last request: 0.539226 seconds.
  path: Assets/Prefabs/ReferenceImageLibrary 1.asset
  artifactKey: Guid(4b9d0969d2773d14ca2689b166d08910) Importer(815301076,1909f56bfc062723c751e8b465ee728b)
Start importing Assets/Prefabs/ReferenceImageLibrary 1.asset using Guid(4b9d0969d2773d14ca2689b166d08910) Importer(815301076,1909f56bfc062723c751e8b465ee728b)  -> (artifact id: 'a72e552e6c0e2a0150f5bb5055b03865') in 0.022851 seconds 
  Import took 0.028250 seconds .

========================================================================
Received Prepare
Refreshing native plugins compatible for Editor in 3.85 ms, found 2 plugins.
Preloading 0 native plugins for Editor in 0.00 ms.
Unloading 12 Unused Serialized files (Serialized files now loaded: 0)
System memory in use before: 45.8 MB.
System memory in use after: 45.9 MB.

Unloading 12 unused Assets to reduce memory usage. Loaded Objects now: 2267.
Total: 6.925500 ms (FindLiveObjects: 0.549700 ms CreateObjectMapping: 0.107900 ms MarkObjects: 6.202200 ms  DeleteObjects: 0.063000 ms)

AssetImportParameters requested are different than current active one (requested -> active):
  custom:framework-win-MediaFoundation: 216162199b28c13a410421893ffa2e32 -> 
  custom:video-decoder-ogg-theora: a1e56fd34408186e4bbccfd4996cb3dc -> 
  custom:container-muxer-webm: aa71ff27fc2769a1b78a27578f13a17b -> 
  custom:container-demuxer-webm: 4f35f7cbe854078d1ac9338744f61a02 -> 
  custom:container-demuxer-ogg: 62fdf1f143b41e24485cea50d1cbac27 -> 
  custom:video-encoder-webm-vp8: eb34c28f22e8b96e1ab97ce403110664 -> 
  custom:video-decoder-webm-vp8: 9c59270c3fd7afecdb556c50c9e8de78 -> 
  custom:audio-decoder-ogg-vorbis: bf7c407c2cedff20999df2af8eb42d56 -> 
  custom:audio-encoder-webm-vorbis: bf7c407c2cedff20999df2af8eb42d56 -> 
========================================================================
Received Prepare
Refreshing native plugins compatible for Editor in 2.96 ms, found 2 plugins.
Preloading 0 native plugins for Editor in 0.00 ms.
Unloading 12 Unused Serialized files (Serialized files now loaded: 0)
System memory in use before: 45.8 MB.
System memory in use after: 45.9 MB.

Unloading 12 unused Assets to reduce memory usage. Loaded Objects now: 2267.
Total: 5.089700 ms (FindLiveObjects: 0.259200 ms CreateObjectMapping: 0.060800 ms MarkObjects: 4.711300 ms  DeleteObjects: 0.057100 ms)

AssetImportParameters requested are different than current active one (requested -> active):
  custom:framework-win-MediaFoundation: 216162199b28c13a410421893ffa2e32 -> 
  custom:video-decoder-ogg-theora: a1e56fd34408186e4bbccfd4996cb3dc -> 
  custom:container-muxer-webm: aa71ff27fc2769a1b78a27578f13a17b -> 
  custom:container-demuxer-webm: 4f35f7cbe854078d1ac9338744f61a02 -> 
  custom:container-demuxer-ogg: 62fdf1f143b41e24485cea50d1cbac27 -> 
  custom:video-encoder-webm-vp8: eb34c28f22e8b96e1ab97ce403110664 -> 
  custom:video-decoder-webm-vp8: 9c59270c3fd7afecdb556c50c9e8de78 -> 
  custom:audio-decoder-ogg-vorbis: bf7c407c2cedff20999df2af8eb42d56 -> 
  custom:audio-encoder-webm-vorbis: bf7c407c2cedff20999df2af8eb42d56 -> 
========================================================================
Received Prepare
Refreshing native plugins compatible for Editor in 4.45 ms, found 2 plugins.
Preloading 0 native plugins for Editor in 0.00 ms.
Unloading 12 Unused Serialized files (Serialized files now loaded: 0)
System memory in use before: 45.8 MB.
System memory in use after: 45.9 MB.

Unloading 12 unused Assets to reduce memory usage. Loaded Objects now: 2267.
Total: 6.319900 ms (FindLiveObjects: 0.255000 ms CreateObjectMapping: 0.068200 ms MarkObjects: 5.930200 ms  DeleteObjects: 0.064900 ms)

AssetImportParameters requested are different than current active one (requested -> active):
  custom:framework-win-MediaFoundation: 216162199b28c13a410421893ffa2e32 -> 
  custom:video-decoder-ogg-theora: a1e56fd34408186e4bbccfd4996cb3dc -> 
  custom:container-muxer-webm: aa71ff27fc2769a1b78a27578f13a17b -> 
  custom:container-demuxer-webm: 4f35f7cbe854078d1ac9338744f61a02 -> 
  custom:container-demuxer-ogg: 62fdf1f143b41e24485cea50d1cbac27 -> 
  custom:video-encoder-webm-vp8: eb34c28f22e8b96e1ab97ce403110664 -> 
  custom:video-decoder-webm-vp8: 9c59270c3fd7afecdb556c50c9e8de78 -> 
  custom:audio-decoder-ogg-vorbis: bf7c407c2cedff20999df2af8eb42d56 -> 
  custom:audio-encoder-webm-vorbis: bf7c407c2cedff20999df2af8eb42d56 -> 
========================================================================
Received Import Request.
  Time since last request: 1325.705376 seconds.
  path: Packages/com.unity.xr.arcore/Editor/Unity.XR.ARCore.Editor.asmdef
  artifactKey: Guid(d76576b768da4171b007f21c44fabe13) Importer(815301076,1909f56bfc062723c751e8b465ee728b)
Start importing Packages/com.unity.xr.arcore/Editor/Unity.XR.ARCore.Editor.asmdef using Guid(d76576b768da4171b007f21c44fabe13) Importer(815301076,1909f56bfc062723c751e8b465ee728b)  -> (artifact id: '7f0ee0bcd07abe7a932ef0d81d5d6d7e') in 0.348551 seconds 
  Import took 0.355126 seconds .

========================================================================
Received Import Request.
  Time since last request: 0.008536 seconds.
  path: Packages/com.unity.xr.arcore/Editor/Unity.XR.ARCore.Editor.asmdef
  artifactKey: Guid(d76576b768da4171b007f21c44fabe13) Importer(815301076,1909f56bfc062723c751e8b465ee728b)
Start importing Packages/com.unity.xr.arcore/Editor/Unity.XR.ARCore.Editor.asmdef using Guid(d76576b768da4171b007f21c44fabe13) Importer(815301076,1909f56bfc062723c751e8b465ee728b)  -> (artifact id: '7f0ee0bcd07abe7a932ef0d81d5d6d7e') in 0.002416 seconds 
  Import took 0.007655 seconds .

========================================================================
Received Import Request.
  Time since last request: 2889.989200 seconds.
  path: Packages/com.unity.xr.arcore/package.json
  artifactKey: Guid(96d3d50e9dd0d654c90f6f35bb673559) Importer(815301076,1909f56bfc062723c751e8b465ee728b)
Start importing Packages/com.unity.xr.arcore/package.json using Guid(96d3d50e9dd0d654c90f6f35bb673559) Importer(815301076,1909f56bfc062723c751e8b465ee728b)  -> (artifact id: '89d62614b5ffb60ea6f011f0d17a6dbe') in 0.447591 seconds 
  Import took 0.451782 seconds .

========================================================================
Received Import Request.
  Time since last request: 90.634557 seconds.
  path: Packages/com.unity.xr.arcore/Tests/Editor
  artifactKey: Guid(a8243967ad5b0450c80aabd1750137e2) Importer(815301076,1909f56bfc062723c751e8b465ee728b)
Start importing Packages/com.unity.xr.arcore/Tests/Editor using Guid(a8243967ad5b0450c80aabd1750137e2) Importer(815301076,1909f56bfc062723c751e8b465ee728b)  -> (artifact id: '12b3cacbb0d3cbe2fb984ef692940947') in 0.004163 seconds 
  Import took 0.009149 seconds .

========================================================================
Received Import Request.
  Time since last request: 0.072229 seconds.
  path: Packages/com.unity.xr.arcore/Tests/Editor/Unity.XR.ARCore.Editor.Tests-UnityLogo White On Black.png
  artifactKey: Guid(16c36783847ec4a818c818020d016841) Importer(815301076,1909f56bfc062723c751e8b465ee728b)
Start importing Packages/com.unity.xr.arcore/Tests/Editor/Unity.XR.ARCore.Editor.Tests-UnityLogo White On Black.png using Guid(16c36783847ec4a818c818020d016841) Importer(815301076,1909f56bfc062723c751e8b465ee728b)  -> (artifact id: '3637928fc674c66cbb02e96dcf9290ab') in 0.364563 seconds 
  Import took 0.368677 seconds .

========================================================================
Received Import Request.
  Time since last request: 0.000278 seconds.
  path: Packages/com.unity.xr.arcore/Tests/Editor/Unity.XR.ARCore.Editor.Tests.asmdef
  artifactKey: Guid(3ea00208b93ac42ddb026a263bd9ef58) Importer(815301076,1909f56bfc062723c751e8b465ee728b)
Start importing Packages/com.unity.xr.arcore/Tests/Editor/Unity.XR.ARCore.Editor.Tests.asmdef using Guid(3ea00208b93ac42ddb026a263bd9ef58) Importer(815301076,1909f56bfc062723c751e8b465ee728b)  -> (artifact id: 'cea39499789efd8b309728475fa480f9') in 0.016463 seconds 
  Import took 0.020539 seconds .

========================================================================
Received Prepare
Refreshing native plugins compatible for Editor in 4.11 ms, found 2 plugins.
Preloading 0 native plugins for Editor in 0.00 ms.
Unloading 12 Unused Serialized files (Serialized files now loaded: 0)
System memory in use before: 45.9 MB.
System memory in use after: 46.0 MB.

Unloading 12 unused Assets to reduce memory usage. Loaded Objects now: 2267.
Total: 5.125600 ms (FindLiveObjects: 0.241700 ms CreateObjectMapping: 0.050900 ms MarkObjects: 4.774200 ms  DeleteObjects: 0.057100 ms)

AssetImportParameters requested are different than current active one (requested -> active):
  custom:framework-win-MediaFoundation: 216162199b28c13a410421893ffa2e32 -> 
  custom:video-decoder-ogg-theora: a1e56fd34408186e4bbccfd4996cb3dc -> 
  custom:container-muxer-webm: aa71ff27fc2769a1b78a27578f13a17b -> 
  custom:container-demuxer-webm: 4f35f7cbe854078d1ac9338744f61a02 -> 
  custom:container-demuxer-ogg: 62fdf1f143b41e24485cea50d1cbac27 -> 
  custom:video-encoder-webm-vp8: eb34c28f22e8b96e1ab97ce403110664 -> 
  custom:video-decoder-webm-vp8: 9c59270c3fd7afecdb556c50c9e8de78 -> 
  custom:audio-decoder-ogg-vorbis: bf7c407c2cedff20999df2af8eb42d56 -> 
  custom:audio-encoder-webm-vorbis: bf7c407c2cedff20999df2af8eb42d56 -> 
========================================================================
Received Import Request.
  Time since last request: 232.272872 seconds.
  path: Assets/XR/Settings/AR Core Settings.asset
  artifactKey: Guid(fcfb9acc5307d2743bc6841de32d44e4) Importer(815301076,1909f56bfc062723c751e8b465ee728b)
Start importing Assets/XR/Settings/AR Core Settings.asset using Guid(fcfb9acc5307d2743bc6841de32d44e4) Importer(815301076,1909f56bfc062723c751e8b465ee728b)  -> (artifact id: '67106fc4769864ca55f089d606d45ee4') in 0.159307 seconds 
  Import took 0.164043 seconds .

========================================================================
Received Import Request.
  Time since last request: 30.291135 seconds.
  path: Packages/com.unity.xr.arcore/Editor/ArCoreImg.cs
  artifactKey: Guid(2bd1cf2fd73544439dc6fd26e57363dd) Importer(815301076,1909f56bfc062723c751e8b465ee728b)
Start importing Packages/com.unity.xr.arcore/Editor/ArCoreImg.cs using Guid(2bd1cf2fd73544439dc6fd26e57363dd) Importer(815301076,1909f56bfc062723c751e8b465ee728b)  -> (artifact id: '64e0a92120e53e6668111d188f65b1f0') in 0.047111 seconds 
  Import took 0.051651 seconds .

========================================================================
Received Import Request.
  Time since last request: 0.000642 seconds.
  path: Packages/com.unity.xr.arcore/Editor/ArCoreImg.cs
  artifactKey: Guid(2bd1cf2fd73544439dc6fd26e57363dd) Importer(815301076,1909f56bfc062723c751e8b465ee728b)
Start importing Packages/com.unity.xr.arcore/Editor/ArCoreImg.cs using Guid(2bd1cf2fd73544439dc6fd26e57363dd) Importer(815301076,1909f56bfc062723c751e8b465ee728b)  -> (artifact id: '64e0a92120e53e6668111d188f65b1f0') in 0.003014 seconds 
  Import took 0.007968 seconds .

========================================================================
Received Import Request.
  Time since last request: 0.544999 seconds.
  path: Packages/com.unity.xr.arcore/Editor/ARCoreSettings.cs
  artifactKey: Guid(9dae4501572e1418791be3e3bf1f7faa) Importer(815301076,1909f56bfc062723c751e8b465ee728b)
Start importing Packages/com.unity.xr.arcore/Editor/ARCoreSettings.cs using Guid(9dae4501572e1418791be3e3bf1f7faa) Importer(815301076,1909f56bfc062723c751e8b465ee728b)  -> (artifact id: 'cea516140d221a57c907a83dca07b2bb') in 0.027736 seconds 
  Import took 0.032675 seconds .

========================================================================
Received Import Request.
  Time since last request: 4.706465 seconds.
  path: Packages/com.unity.xr.arcore/Editor/ARCoreSettingsProvider.cs
  artifactKey: Guid(2aeaf832ddf874f70abda1fc6b18c2a6) Importer(815301076,1909f56bfc062723c751e8b465ee728b)
Start importing Packages/com.unity.xr.arcore/Editor/ARCoreSettingsProvider.cs using Guid(2aeaf832ddf874f70abda1fc6b18c2a6) Importer(815301076,1909f56bfc062723c751e8b465ee728b)  -> (artifact id: 'f22341582ce6f7b07603071d85e32c23') in 0.026845 seconds 
  Import took 0.032291 seconds .

========================================================================
Received Import Request.
  Time since last request: 3.085216 seconds.
  path: Packages/com.unity.xr.arcore/Editor/ARCoreBuildProcessor.cs
  artifactKey: Guid(3b57a5e462d2ae74fbbac89824b615b7) Importer(815301076,1909f56bfc062723c751e8b465ee728b)
Start importing Packages/com.unity.xr.arcore/Editor/ARCoreBuildProcessor.cs using Guid(3b57a5e462d2ae74fbbac89824b615b7) Importer(815301076,1909f56bfc062723c751e8b465ee728b)  -> (artifact id: 'adee4cc2a72aaede25c521f025a64f11') in 0.041699 seconds 
  Import took 0.046740 seconds .

========================================================================
Received Import Request.
  Time since last request: 18.060491 seconds.
  path: Packages/com.unity.xr.arcore/Editor/AssemblyInfo.cs
  artifactKey: Guid(b850c910468a84bdfb8934ee1d277a50) Importer(815301076,1909f56bfc062723c751e8b465ee728b)
Start importing Packages/com.unity.xr.arcore/Editor/AssemblyInfo.cs using Guid(b850c910468a84bdfb8934ee1d277a50) Importer(815301076,1909f56bfc062723c751e8b465ee728b)  -> (artifact id: 'f80e47c77943188c219aa7d113bd331f') in 0.109707 seconds 
  Import took 0.114207 seconds .

========================================================================
Received Import Request.
  Time since last request: 0.492230 seconds.
  path: Packages/com.unity.xr.arcore/Editor/Cli.cs
  artifactKey: Guid(65373788ad41c488eb77436c79b5aca2) Importer(815301076,1909f56bfc062723c751e8b465ee728b)
Start importing Packages/com.unity.xr.arcore/Editor/Cli.cs using Guid(65373788ad41c488eb77436c79b5aca2) Importer(815301076,1909f56bfc062723c751e8b465ee728b)  -> (artifact id: '98d09cb29874d5c4020305f87f47cf45') in 0.014234 seconds 
  Import took 0.020991 seconds .

========================================================================
Received Import Request.
  Time since last request: 0.001107 seconds.
  path: Packages/com.unity.xr.arcore/Editor/Cli.cs
  artifactKey: Guid(65373788ad41c488eb77436c79b5aca2) Importer(815301076,1909f56bfc062723c751e8b465ee728b)
Start importing Packages/com.unity.xr.arcore/Editor/Cli.cs using Guid(65373788ad41c488eb77436c79b5aca2) Importer(815301076,1909f56bfc062723c751e8b465ee728b)  -> (artifact id: '98d09cb29874d5c4020305f87f47cf45') in 0.003399 seconds 
  Import took 0.008683 seconds .

========================================================================
Received Import Request.
  Time since last request: 0.998174 seconds.
  path: Packages/com.unity.xr.arcore/Editor/Gradle.cs
  artifactKey: Guid(456f94e525e6247e08d81c02fdf8996b) Importer(815301076,1909f56bfc062723c751e8b465ee728b)
Start importing Packages/com.unity.xr.arcore/Editor/Gradle.cs using Guid(456f94e525e6247e08d81c02fdf8996b) Importer(815301076,1909f56bfc062723c751e8b465ee728b)  -> (artifact id: 'beecb84e776f55bbcbed7f33bbd76b7b') in 0.044513 seconds 
  Import took 0.049864 seconds .

========================================================================
Received Import Request.
  Time since last request: 0.416958 seconds.
  path: Packages/com.unity.xr.arcore/Editor/Java.cs
  artifactKey: Guid(a45cbbcbca4ea4166b51ddf3bfc8cca9) Importer(815301076,1909f56bfc062723c751e8b465ee728b)
Start importing Packages/com.unity.xr.arcore/Editor/Java.cs using Guid(a45cbbcbca4ea4166b51ddf3bfc8cca9) Importer(815301076,1909f56bfc062723c751e8b465ee728b)  -> (artifact id: 'fa79368ad7653534f7e242a08736a59d') in 0.122790 seconds 
  Import took 0.138647 seconds .

========================================================================
Received Prepare
Refreshing native plugins compatible for Editor in 3.33 ms, found 2 plugins.
Preloading 0 native plugins for Editor in 0.00 ms.
Unloading 12 Unused Serialized files (Serialized files now loaded: 0)
System memory in use before: 45.9 MB.
System memory in use after: 46.0 MB.

Unloading 12 unused Assets to reduce memory usage. Loaded Objects now: 2267.
Total: 5.832600 ms (FindLiveObjects: 0.362400 ms CreateObjectMapping: 0.088100 ms MarkObjects: 5.312000 ms  DeleteObjects: 0.067700 ms)

AssetImportParameters requested are different than current active one (requested -> active):
  custom:framework-win-MediaFoundation: 216162199b28c13a410421893ffa2e32 -> 
  custom:video-decoder-ogg-theora: a1e56fd34408186e4bbccfd4996cb3dc -> 
  custom:container-muxer-webm: aa71ff27fc2769a1b78a27578f13a17b -> 
  custom:container-demuxer-webm: 4f35f7cbe854078d1ac9338744f61a02 -> 
  custom:container-demuxer-ogg: 62fdf1f143b41e24485cea50d1cbac27 -> 
  custom:video-encoder-webm-vp8: eb34c28f22e8b96e1ab97ce403110664 -> 
  custom:video-decoder-webm-vp8: 9c59270c3fd7afecdb556c50c9e8de78 -> 
  custom:audio-decoder-ogg-vorbis: bf7c407c2cedff20999df2af8eb42d56 -> 
  custom:audio-encoder-webm-vorbis: bf7c407c2cedff20999df2af8eb42d56 -> 
========================================================================
Received Prepare
Refreshing native plugins compatible for Editor in 3.06 ms, found 2 plugins.
Preloading 0 native plugins for Editor in 0.00 ms.
Unloading 12 Unused Serialized files (Serialized files now loaded: 0)
System memory in use before: 45.9 MB.
System memory in use after: 46.0 MB.

Unloading 12 unused Assets to reduce memory usage. Loaded Objects now: 2267.
Total: 29.695800 ms (FindLiveObjects: 0.246300 ms CreateObjectMapping: 0.050500 ms MarkObjects: 29.337900 ms  DeleteObjects: 0.059400 ms)

AssetImportParameters requested are different than current active one (requested -> active):
  custom:framework-win-MediaFoundation: 216162199b28c13a410421893ffa2e32 -> 
  custom:video-decoder-ogg-theora: a1e56fd34408186e4bbccfd4996cb3dc -> 
  custom:container-muxer-webm: aa71ff27fc2769a1b78a27578f13a17b -> 
  custom:container-demuxer-webm: 4f35f7cbe854078d1ac9338744f61a02 -> 
  custom:container-demuxer-ogg: 62fdf1f143b41e24485cea50d1cbac27 -> 
  custom:video-encoder-webm-vp8: eb34c28f22e8b96e1ab97ce403110664 -> 
  custom:video-decoder-webm-vp8: 9c59270c3fd7afecdb556c50c9e8de78 -> 
  custom:audio-decoder-ogg-vorbis: bf7c407c2cedff20999df2af8eb42d56 -> 
  custom:audio-encoder-webm-vorbis: bf7c407c2cedff20999df2af8eb42d56 -> 
AssetImportWorkerClient::OnTransportError - code=2 error=End of file
