Using pre-set license
Built from '2020.3/staging' branch; Version is '2020.3.16f1 (049d6eca3c44) revision 302446'; Using compiler version '192528614'; Build Type 'Release'
OS: 'Windows 10 Home Single Language; OS build 19042.1415; Version 2009; 64bit' Language: 'en' Physical Memory: 6058 MB
BatchMode: 1, IsHumanControllingUs: 0, StartBugReporterOnCrash: 0, Is64bit: 1, IsPro: 0

 COMMAND LINE ARGUMENTS:
C:\Program Files\Unity\Hub\Editor\2020.3.16f1\Editor\Unity.exe
-adb2
-batchMode
-noUpm
-name
AssetImportWorker0
-projectPath
D:/unity/Multi Image tracking AR
-logFile
Logs/AssetImportWorker0.log
-srvPort
51878
Successfully changed project path to: D:/unity/Multi Image tracking AR
D:/unity/Multi Image tracking AR
Using Asset Import Pipeline V2.
Refreshing native plugins compatible for Editor in 278.80 ms, found 2 plugins.
Preloading 0 native plugins for Editor in 0.00 ms.
Initialize engine version: 2020.3.16f1 (049d6eca3c44)
[Subsystems] Discovering subsystems at path C:/Program Files/Unity/Hub/Editor/2020.3.16f1/Editor/Data/Resources/UnitySubsystems
[Subsystems] Discovering subsystems at path D:/unity/Multi Image tracking AR/Assets
GfxDevice: creating device client; threaded=0
Direct3D:
    Version:  Direct3D 11.0 [level 11.1]
    Renderer: AMD Radeon(TM) Vega 8 Graphics (ID=0x15d8)
    Vendor:   
    VRAM:     3029 MB
    Driver:   27.20.15030.5001
Initialize mono
Mono path[0] = 'C:/Program Files/Unity/Hub/Editor/2020.3.16f1/Editor/Data/Managed'
Mono path[1] = 'C:/Program Files/Unity/Hub/Editor/2020.3.16f1/Editor/Data/MonoBleedingEdge/lib/mono/unityjit'
Mono config path = 'C:/Program Files/Unity/Hub/Editor/2020.3.16f1/Editor/Data/MonoBleedingEdge/etc'
Using monoOptions --debugger-agent=transport=dt_socket,embedding=1,server=y,suspend=n,address=127.0.0.1:56480
Begin MonoManager ReloadAssembly
Registering precompiled unity dll's ...
Register platform support module: C:/Program Files/Unity/Hub/Editor/2020.3.16f1/Editor/Data/PlaybackEngines/WindowsStandaloneSupport/UnityEditor.WindowsStandalone.Extensions.dll
Registered in 0.002645 seconds.
Native extension for WindowsStandalone target not found
Refreshing native plugins compatible for Editor in 38.62 ms, found 2 plugins.
Preloading 0 native plugins for Editor in 0.00 ms.
Mono: successfully reloaded assembly
- Completed reload, in  4.556 seconds
Domain Reload Profiling:
	ReloadAssembly (4557ms)
		BeginReloadAssembly (77ms)
			ExecutionOrderSort (0ms)
			DisableScriptedObjects (0ms)
			BackupInstance (0ms)
			ReleaseScriptingObjects (0ms)
			CreateAndSetChildDomain (1ms)
		EndReloadAssembly (548ms)
			LoadAssemblies (74ms)
			RebuildTransferFunctionScriptingTraits (0ms)
			SetupTypeCache (183ms)
			ReleaseScriptCaches (0ms)
			RebuildScriptCaches (45ms)
			SetupLoadedEditorAssemblies (223ms)
				LogAssemblyErrors (0ms)
				InitializePlatformSupportModulesInManaged (6ms)
				SetLoadedEditorAssemblies (0ms)
				RefreshPlugins (39ms)
				BeforeProcessingInitializeOnLoad (13ms)
				ProcessInitializeOnLoadAttributes (120ms)
				ProcessInitializeOnLoadMethodAttributes (44ms)
				AfterProcessingInitializeOnLoad (0ms)
				EditorAssembliesLoaded (0ms)
			ExecutionOrderSort2 (0ms)
			AwakeInstancesAfterBackupRestoration (0ms)
Platform modules already initialized, skipping
Registering precompiled user dll's ...
Registered in 0.115401 seconds.
Begin MonoManager ReloadAssembly
Native extension for WindowsStandalone target not found
Refreshing native plugins compatible for Editor in 39.15 ms, found 2 plugins.
Preloading 0 native plugins for Editor in 0.00 ms.
Mono: successfully reloaded assembly
- Completed reload, in  1.588 seconds
Domain Reload Profiling:
	ReloadAssembly (1590ms)
		BeginReloadAssembly (184ms)
			ExecutionOrderSort (0ms)
			DisableScriptedObjects (6ms)
			BackupInstance (0ms)
			ReleaseScriptingObjects (0ms)
			CreateAndSetChildDomain (25ms)
		EndReloadAssembly (1329ms)
			LoadAssemblies (191ms)
			RebuildTransferFunctionScriptingTraits (0ms)
			SetupTypeCache (382ms)
			ReleaseScriptCaches (1ms)
			RebuildScriptCaches (53ms)
			SetupLoadedEditorAssemblies (528ms)
				LogAssemblyErrors (0ms)
				InitializePlatformSupportModulesInManaged (5ms)
				SetLoadedEditorAssemblies (0ms)
				RefreshPlugins (39ms)
				BeforeProcessingInitializeOnLoad (90ms)
				ProcessInitializeOnLoadAttributes (379ms)
				ProcessInitializeOnLoadMethodAttributes (5ms)
				AfterProcessingInitializeOnLoad (9ms)
				EditorAssembliesLoaded (0ms)
			ExecutionOrderSort2 (0ms)
			AwakeInstancesAfterBackupRestoration (9ms)
Platform modules already initialized, skipping
========================================================================
Worker process is ready to serve import requests
Launched and connected shader compiler UnityShaderCompiler.exe after 0.10 seconds
Refreshing native plugins compatible for Editor in 0.58 ms, found 2 plugins.
Preloading 0 native plugins for Editor in 0.00 ms.
Unloading 1818 Unused Serialized files (Serialized files now loaded: 0)
System memory in use before: 78.5 MB.
System memory in use after: 78.6 MB.

Unloading 20 unused Assets to reduce memory usage. Loaded Objects now: 2251.
Total: 5.709900 ms (FindLiveObjects: 0.281500 ms CreateObjectMapping: 0.084600 ms MarkObjects: 5.230500 ms  DeleteObjects: 0.110800 ms)

AssetImportParameters requested are different than current active one (requested -> active):
  custom:framework-win-MediaFoundation: 216162199b28c13a410421893ffa2e32 -> 
  custom:video-decoder-ogg-theora: a1e56fd34408186e4bbccfd4996cb3dc -> 
  custom:container-muxer-webm: aa71ff27fc2769a1b78a27578f13a17b -> 
  custom:container-demuxer-webm: 4f35f7cbe854078d1ac9338744f61a02 -> 
  custom:container-demuxer-ogg: 62fdf1f143b41e24485cea50d1cbac27 -> 
  custom:video-encoder-webm-vp8: eb34c28f22e8b96e1ab97ce403110664 -> 
  custom:video-decoder-webm-vp8: 9c59270c3fd7afecdb556c50c9e8de78 -> 
  custom:audio-decoder-ogg-vorbis: bf7c407c2cedff20999df2af8eb42d56 -> 
  custom:audio-encoder-webm-vorbis: bf7c407c2cedff20999df2af8eb42d56 -> 
========================================================================
Received Import Request.
  path: Assets/XR
  artifactKey: Guid(0369c5aceb5b0a24f85279abdd288fe8) Importer(815301076,1909f56bfc062723c751e8b465ee728b)
Start importing Assets/XR using Guid(0369c5aceb5b0a24f85279abdd288fe8) Importer(815301076,1909f56bfc062723c751e8b465ee728b)  -> (artifact id: 'd10d346f3eb28f003512d135946f15a6') in 0.007257 seconds 
  Import took 0.011625 seconds .

========================================================================
Received Import Request.
  Time since last request: 0.000344 seconds.
  path: Assets/XR/Settings
  artifactKey: Guid(6a9fb7151b85b5d4397391402a05b83a) Importer(815301076,1909f56bfc062723c751e8b465ee728b)
Start importing Assets/XR/Settings using Guid(6a9fb7151b85b5d4397391402a05b83a) Importer(815301076,1909f56bfc062723c751e8b465ee728b)  -> (artifact id: 'a0b92916dd70a89d2e5f866c735f9b1d') in 0.002657 seconds 
  Import took 0.006793 seconds .

========================================================================
Received Import Request.
  Time since last request: 0.000263 seconds.
  path: Assets/Scenes
  artifactKey: Guid(992f7cd2dedd03b4f972ab050016ca31) Importer(815301076,1909f56bfc062723c751e8b465ee728b)
Start importing Assets/Scenes using Guid(992f7cd2dedd03b4f972ab050016ca31) Importer(815301076,1909f56bfc062723c751e8b465ee728b)  -> (artifact id: '733b0b8eb9b11b6e0f659a8fbb234bc5') in 0.001918 seconds 
  Import took 0.016239 seconds .

========================================================================
Received Import Request.
  Time since last request: 0.000287 seconds.
  path: Assets/XR/Loaders
  artifactKey: Guid(233d6f9359df912458c4aed874c5f135) Importer(815301076,1909f56bfc062723c751e8b465ee728b)
Start importing Assets/XR/Loaders using Guid(233d6f9359df912458c4aed874c5f135) Importer(815301076,1909f56bfc062723c751e8b465ee728b)  -> (artifact id: '28577386c261306722d8e14f5569b77b') in 0.002162 seconds 
  Import took 0.005943 seconds .

========================================================================
Received Import Request.
  Time since last request: 0.000360 seconds.
  path: Assets/XR/Loaders/AR Kit Loader.asset
  artifactKey: Guid(bd55e66a91fe5bc448e517d636d2e83a) Importer(815301076,1909f56bfc062723c751e8b465ee728b)
Start importing Assets/XR/Loaders/AR Kit Loader.asset using Guid(bd55e66a91fe5bc448e517d636d2e83a) Importer(815301076,1909f56bfc062723c751e8b465ee728b)  -> (artifact id: '43ee90788a18c39032b9901545a54cb2') in 0.048772 seconds 
  Import took 0.052692 seconds .

========================================================================
Received Import Request.
  Time since last request: 0.000534 seconds.
  path: Assets/XR/Loaders/AR Core Loader.asset
  artifactKey: Guid(c353b0b8d2f164540ba3ce402c93e3c0) Importer(815301076,1909f56bfc062723c751e8b465ee728b)
Start importing Assets/XR/Loaders/AR Core Loader.asset using Guid(c353b0b8d2f164540ba3ce402c93e3c0) Importer(815301076,1909f56bfc062723c751e8b465ee728b)  -> (artifact id: 'e8662bf7a5a5acd9c40ef93e0409e632') in 0.003834 seconds 
  Import took 0.008221 seconds .

========================================================================
Received Import Request.
  Time since last request: 0.000351 seconds.
  path: Assets/XR/Settings/AR Core Settings.asset
  artifactKey: Guid(fcfb9acc5307d2743bc6841de32d44e4) Importer(815301076,1909f56bfc062723c751e8b465ee728b)
Start importing Assets/XR/Settings/AR Core Settings.asset using Guid(fcfb9acc5307d2743bc6841de32d44e4) Importer(815301076,1909f56bfc062723c751e8b465ee728b)  -> (artifact id: '1a192deef6b898527d073697f5c63705') in 0.004853 seconds 
  Import took 0.009180 seconds .

========================================================================
Received Import Request.
  Time since last request: 0.000340 seconds.
  path: Assets/XR/Settings/AR Kit Settings.asset
  artifactKey: Guid(d8fe17d159869f34dab101f8d275eebf) Importer(815301076,1909f56bfc062723c751e8b465ee728b)
Start importing Assets/XR/Settings/AR Kit Settings.asset using Guid(d8fe17d159869f34dab101f8d275eebf) Importer(815301076,1909f56bfc062723c751e8b465ee728b)  -> (artifact id: 'd8d10df5165e1969ae19b340544db7a9') in 0.005427 seconds 
  Import took 0.009777 seconds .

========================================================================
Received Import Request.
  Time since last request: 889.295653 seconds.
  path: Assets
  artifactKey: Guid(00000000000000001000000000000000) Importer(815301076,1909f56bfc062723c751e8b465ee728b)
Start importing Assets using Guid(00000000000000001000000000000000) Importer(815301076,1909f56bfc062723c751e8b465ee728b)  -> (artifact id: '42d402b061de3733987d63b9cc3b64de') in 0.002429 seconds 
  Import took 0.006915 seconds .

========================================================================
Received Import Request.
  Time since last request: 13.856173 seconds.
  path: Assets/Prefab
  artifactKey: Guid(279e45e639c19d047816d6af980cf4b2) Importer(815301076,1909f56bfc062723c751e8b465ee728b)
Start importing Assets/Prefab using Guid(279e45e639c19d047816d6af980cf4b2) Importer(815301076,1909f56bfc062723c751e8b465ee728b)  -> (artifact id: '904feae155b132115bbdf34912783319') in 0.008985 seconds 
  Import took 0.013567 seconds .

========================================================================
Received Import Request.
  Time since last request: 18.922120 seconds.
  path: Assets/Prefab/pikachu.prefab
  artifactKey: Guid(856ec06477eb2ba4b853a2036562bb4a) Importer(815301076,1909f56bfc062723c751e8b465ee728b)
Start importing Assets/Prefab/pikachu.prefab using Guid(856ec06477eb2ba4b853a2036562bb4a) Importer(815301076,1909f56bfc062723c751e8b465ee728b)  -> (artifact id: '08d6fe84f44a87b591e62bc69b61fe57') in 0.042230 seconds 
  Import took 0.046950 seconds .

========================================================================
Received Import Request.
  Time since last request: 76.816953 seconds.
  path: Assets/Prefab/charizard.prefab
  artifactKey: Guid(5ee8ab3ecc12efe40b3e062c9447994c) Importer(815301076,1909f56bfc062723c751e8b465ee728b)
Start importing Assets/Prefab/charizard.prefab using Guid(5ee8ab3ecc12efe40b3e062c9447994c) Importer(815301076,1909f56bfc062723c751e8b465ee728b)  -> (artifact id: 'f6234254767d7cd350f1aa760c04b52d') in 0.025115 seconds 
  Import took 0.032099 seconds .

========================================================================
Received Import Request.
  Time since last request: 0.017946 seconds.
  path: Assets/Prefab/charizard.prefab
  artifactKey: Guid(5ee8ab3ecc12efe40b3e062c9447994c) Importer(815301076,1909f56bfc062723c751e8b465ee728b)
Start importing Assets/Prefab/charizard.prefab using Guid(5ee8ab3ecc12efe40b3e062c9447994c) Importer(815301076,1909f56bfc062723c751e8b465ee728b)  -> (artifact id: 'f6234254767d7cd350f1aa760c04b52d') in 0.007216 seconds 
  Import took 0.011624 seconds .

========================================================================
Received Import Request.
  Time since last request: 119.273642 seconds.
  path: Assets/Prefab/squirtle.prefab
  artifactKey: Guid(19a5552997e6ac444bc629a61b0a9535) Importer(815301076,1909f56bfc062723c751e8b465ee728b)
Start importing Assets/Prefab/squirtle.prefab using Guid(19a5552997e6ac444bc629a61b0a9535) Importer(815301076,1909f56bfc062723c751e8b465ee728b)  -> (artifact id: '69d77f644cf35e4a918d8d01482a81b3') in 0.013492 seconds 
  Import took 0.018341 seconds .

========================================================================
Received Import Request.
  Time since last request: 0.016051 seconds.
  path: Assets/Prefab/squirtle.prefab
  artifactKey: Guid(19a5552997e6ac444bc629a61b0a9535) Importer(815301076,1909f56bfc062723c751e8b465ee728b)
Start importing Assets/Prefab/squirtle.prefab using Guid(19a5552997e6ac444bc629a61b0a9535) Importer(815301076,1909f56bfc062723c751e8b465ee728b)  -> (artifact id: '69d77f644cf35e4a918d8d01482a81b3') in 0.006987 seconds 
  Import took 0.011864 seconds .

========================================================================
Received Import Request.
  Time since last request: 17.277162 seconds.
  path: Assets/Prefab/charizard.prefab
  artifactKey: Guid(5ee8ab3ecc12efe40b3e062c9447994c) Importer(815301076,1909f56bfc062723c751e8b465ee728b)
Start importing Assets/Prefab/charizard.prefab using Guid(5ee8ab3ecc12efe40b3e062c9447994c) Importer(815301076,1909f56bfc062723c751e8b465ee728b)  -> (artifact id: '7fcdefb5ae4f0f258683e2a023f81ea1') in 0.009685 seconds 
  Import took 0.015104 seconds .

========================================================================
Received Import Request.
  Time since last request: 3.187406 seconds.
  path: Assets/Prefab/charizard.prefab
  artifactKey: Guid(5ee8ab3ecc12efe40b3e062c9447994c) Importer(815301076,1909f56bfc062723c751e8b465ee728b)
Start importing Assets/Prefab/charizard.prefab using Guid(5ee8ab3ecc12efe40b3e062c9447994c) Importer(815301076,1909f56bfc062723c751e8b465ee728b)  -> (artifact id: '87b5fa8a7404a2a2ffbcdf9e06841de4') in 0.009624 seconds 
  Import took 0.014961 seconds .

========================================================================
Received Import Request.
  Time since last request: 2.817209 seconds.
  path: Assets/Prefab/charizard.prefab
  artifactKey: Guid(5ee8ab3ecc12efe40b3e062c9447994c) Importer(815301076,1909f56bfc062723c751e8b465ee728b)
Start importing Assets/Prefab/charizard.prefab using Guid(5ee8ab3ecc12efe40b3e062c9447994c) Importer(815301076,1909f56bfc062723c751e8b465ee728b)  -> (artifact id: '23bba1e4c00c13cf79036a94b08580c4') in 0.010836 seconds 
  Import took 0.016056 seconds .

========================================================================
Received Import Request.
  Time since last request: 2.832497 seconds.
  path: Assets/Prefab/charizard.prefab
  artifactKey: Guid(5ee8ab3ecc12efe40b3e062c9447994c) Importer(815301076,1909f56bfc062723c751e8b465ee728b)
Start importing Assets/Prefab/charizard.prefab using Guid(5ee8ab3ecc12efe40b3e062c9447994c) Importer(815301076,1909f56bfc062723c751e8b465ee728b)  -> (artifact id: '2ba9ff4a0c0c04f3a29e4af57fbb66a6') in 0.010235 seconds 
  Import took 0.014270 seconds .

========================================================================
Received Import Request.
  Time since last request: 679.206631 seconds.
  path: Assets/Prefabs/squirtle.prefab
  artifactKey: Guid(19a5552997e6ac444bc629a61b0a9535) Importer(815301076,1909f56bfc062723c751e8b465ee728b)
Start importing Assets/Prefabs/squirtle.prefab using Guid(19a5552997e6ac444bc629a61b0a9535) Importer(815301076,1909f56bfc062723c751e8b465ee728b)  -> (artifact id: 'dc08c8f2853c6bc10e23cabb290d69f2') in 0.011690 seconds 
  Import took 0.016256 seconds .

========================================================================
Received Import Request.
  Time since last request: 31.718850 seconds.
  path: Assets/Prefabs/squirtle.prefab
  artifactKey: Guid(19a5552997e6ac444bc629a61b0a9535) Importer(815301076,1909f56bfc062723c751e8b465ee728b)
Start importing Assets/Prefabs/squirtle.prefab using Guid(19a5552997e6ac444bc629a61b0a9535) Importer(815301076,1909f56bfc062723c751e8b465ee728b)  -> (artifact id: '090dc2c84dc498a4ab1505c4b241ed81') in 0.015920 seconds 
  Import took 0.021142 seconds .

========================================================================
Received Import Request.
  Time since last request: 55.298725 seconds.
  path: Assets/Texture
  artifactKey: Guid(ee41a886b845d5e4daa2235940777cdf) Importer(815301076,1909f56bfc062723c751e8b465ee728b)
Start importing Assets/Texture using Guid(ee41a886b845d5e4daa2235940777cdf) Importer(815301076,1909f56bfc062723c751e8b465ee728b)  -> (artifact id: 'cedac41253dd8b888ad41f22364b1e37') in 0.007646 seconds 
  Import took 0.012194 seconds .

========================================================================
Received Import Request.
  Time since last request: 147.922885 seconds.
  path: Assets/Texture/charizard.jpeg
  artifactKey: Guid(4094f2b0ad94acd46a1747ae5cfc4e92) Importer(815301076,1909f56bfc062723c751e8b465ee728b)
Start importing Assets/Texture/charizard.jpeg using Guid(4094f2b0ad94acd46a1747ae5cfc4e92) Importer(815301076,1909f56bfc062723c751e8b465ee728b)  -> (artifact id: 'ad96854e6f6b1a0371b3173c60ae0956') in 0.088957 seconds 
  Import took 0.096671 seconds .

========================================================================
Received Import Request.
  Time since last request: 0.000548 seconds.
  path: Assets/Texture/Squirtle .jpeg
  artifactKey: Guid(1e1bcac8bd4f54545aebdf9b88e287cb) Importer(815301076,1909f56bfc062723c751e8b465ee728b)
Start importing Assets/Texture/Squirtle .jpeg using Guid(1e1bcac8bd4f54545aebdf9b88e287cb) Importer(815301076,1909f56bfc062723c751e8b465ee728b)  -> (artifact id: 'd4c0451481c7dd4cf8216644f3c86be8') in 0.025663 seconds 
  Import took 0.035644 seconds .

========================================================================
Received Import Request.
  Time since last request: 0.000658 seconds.
  path: Assets/Texture/pikachu.jpeg
  artifactKey: Guid(45eb6d1adb2cea94d9b05bb643fd5d2b) Importer(815301076,1909f56bfc062723c751e8b465ee728b)
Start importing Assets/Texture/pikachu.jpeg using Guid(45eb6d1adb2cea94d9b05bb643fd5d2b) Importer(815301076,1909f56bfc062723c751e8b465ee728b)  -> (artifact id: 'e5f8b620be8f0372c2525f7e4ba3f0e1') in 0.191450 seconds 
  Import took 0.295522 seconds .

========================================================================
Received Import Request.
  Time since last request: 54.197931 seconds.
  path: Assets/Prefabs
  artifactKey: Guid(279e45e639c19d047816d6af980cf4b2) Importer(815301076,1909f56bfc062723c751e8b465ee728b)
Start importing Assets/Prefabs using Guid(279e45e639c19d047816d6af980cf4b2) Importer(815301076,1909f56bfc062723c751e8b465ee728b)  -> (artifact id: '7e90e76fcab8d72850b7a3c954452b13') in 0.004535 seconds 
  Import took 0.015420 seconds .

========================================================================
Received Import Request.
  Time since last request: 19.985526 seconds.
  path: Assets/Prefabs/ReferenceImageLibrary.asset
  artifactKey: Guid(6140ebf2137177e4b80c4053f6979fd0) Importer(815301076,1909f56bfc062723c751e8b465ee728b)
Start importing Assets/Prefabs/ReferenceImageLibrary.asset using Guid(6140ebf2137177e4b80c4053f6979fd0) Importer(815301076,1909f56bfc062723c751e8b465ee728b)  -> (artifact id: 'b6c2c1e6b51f7f6becad3bb27a1c676c') in 0.066205 seconds 
  Import took 0.075513 seconds .

========================================================================
Received Import Request.
  Time since last request: 290.651526 seconds.
  path: Assets/Texture/charizard.jpeg
  artifactKey: Guid(4094f2b0ad94acd46a1747ae5cfc4e92) Importer(815301076,1909f56bfc062723c751e8b465ee728b)
Start importing Assets/Texture/charizard.jpeg using Guid(4094f2b0ad94acd46a1747ae5cfc4e92) Importer(815301076,1909f56bfc062723c751e8b465ee728b)  -> (artifact id: '47cab4188b21b76377eb420f2480b1a7') in 0.027267 seconds 
  Import took 0.032824 seconds .

========================================================================
Received Import Request.
  Time since last request: 0.000408 seconds.
  path: Assets/Texture/Squirtle .jpeg
  artifactKey: Guid(1e1bcac8bd4f54545aebdf9b88e287cb) Importer(815301076,1909f56bfc062723c751e8b465ee728b)
Start importing Assets/Texture/Squirtle .jpeg using Guid(1e1bcac8bd4f54545aebdf9b88e287cb) Importer(815301076,1909f56bfc062723c751e8b465ee728b)  -> (artifact id: '9e37e907e1c762e3f512221e0c9c102c') in 0.025208 seconds 
  Import took 0.029392 seconds .

========================================================================
Received Import Request.
  Time since last request: 0.000367 seconds.
  path: Assets/Texture/charizard.jpeg
  artifactKey: Guid(4094f2b0ad94acd46a1747ae5cfc4e92) Importer(815301076,1909f56bfc062723c751e8b465ee728b)
Start importing Assets/Texture/charizard.jpeg using Guid(4094f2b0ad94acd46a1747ae5cfc4e92) Importer(815301076,1909f56bfc062723c751e8b465ee728b)  -> (artifact id: '47cab4188b21b76377eb420f2480b1a7') in 0.012312 seconds 
  Import took 0.017129 seconds .

========================================================================
Received Import Request.
  Time since last request: 0.000335 seconds.
  path: Assets/Texture/pikachu.jpeg
  artifactKey: Guid(45eb6d1adb2cea94d9b05bb643fd5d2b) Importer(815301076,1909f56bfc062723c751e8b465ee728b)
Start importing Assets/Texture/pikachu.jpeg using Guid(45eb6d1adb2cea94d9b05bb643fd5d2b) Importer(815301076,1909f56bfc062723c751e8b465ee728b)  -> (artifact id: '85d5f1f07e3e55b7193e6bba72c5064a') in 0.021089 seconds 
  Import took 0.026250 seconds .

========================================================================
Received Import Request.
  Time since last request: 225.439027 seconds.
  path: Assets/Scripts
  artifactKey: Guid(18cc9b75fce942c4aa7f4017dae49b25) Importer(815301076,1909f56bfc062723c751e8b465ee728b)
Start importing Assets/Scripts using Guid(18cc9b75fce942c4aa7f4017dae49b25) Importer(815301076,1909f56bfc062723c751e8b465ee728b)  -> (artifact id: '9a867262839694a8f23ba6058101cec6') in 0.008943 seconds 
  Import took 0.013652 seconds .

========================================================================
Received Import Request.
  Time since last request: 41.802278 seconds.
  path: Assets/Scripts/ImageTracking.cs
  artifactKey: Guid(4822fb2f113c3f1459372c3b22ad5690) Importer(815301076,1909f56bfc062723c751e8b465ee728b)
Start importing Assets/Scripts/ImageTracking.cs using Guid(4822fb2f113c3f1459372c3b22ad5690) Importer(815301076,1909f56bfc062723c751e8b465ee728b)  -> (artifact id: 'ebe07810b18e4a3550d7ae08c4338360') in 0.155246 seconds 
  Import took 0.162348 seconds .

========================================================================
Received Prepare
Registering precompiled user dll's ...
Registered in 0.070732 seconds.
Begin MonoManager ReloadAssembly
Native extension for WindowsStandalone target not found
Refreshing native plugins compatible for Editor in 1.00 ms, found 2 plugins.
Preloading 0 native plugins for Editor in 0.00 ms.
Mono: successfully reloaded assembly
- Completed reload, in  2.136 seconds
Domain Reload Profiling:
	ReloadAssembly (2137ms)
		BeginReloadAssembly (284ms)
			ExecutionOrderSort (0ms)
			DisableScriptedObjects (13ms)
			BackupInstance (0ms)
			ReleaseScriptingObjects (0ms)
			CreateAndSetChildDomain (78ms)
		EndReloadAssembly (1710ms)
			LoadAssemblies (247ms)
			RebuildTransferFunctionScriptingTraits (0ms)
			SetupTypeCache (588ms)
			ReleaseScriptCaches (1ms)
			RebuildScriptCaches (68ms)
			SetupLoadedEditorAssemblies (700ms)
				LogAssemblyErrors (0ms)
				InitializePlatformSupportModulesInManaged (16ms)
				SetLoadedEditorAssemblies (2ms)
				RefreshPlugins (1ms)
				BeforeProcessingInitializeOnLoad (196ms)
				ProcessInitializeOnLoadAttributes (462ms)
				ProcessInitializeOnLoadMethodAttributes (11ms)
				AfterProcessingInitializeOnLoad (11ms)
				EditorAssembliesLoaded (0ms)
			ExecutionOrderSort2 (0ms)
			AwakeInstancesAfterBackupRestoration (8ms)
Platform modules already initialized, skipping
Refreshing native plugins compatible for Editor in 1.00 ms, found 2 plugins.
Preloading 0 native plugins for Editor in 0.00 ms.
Unloading 1806 Unused Serialized files (Serialized files now loaded: 0)
System memory in use before: 78.1 MB.
System memory in use after: 78.2 MB.

Unloading 15 unused Assets to reduce memory usage. Loaded Objects now: 2257.
Total: 7.856900 ms (FindLiveObjects: 0.392200 ms CreateObjectMapping: 0.108600 ms MarkObjects: 7.268900 ms  DeleteObjects: 0.083900 ms)

AssetImportParameters requested are different than current active one (requested -> active):
  custom:framework-win-MediaFoundation: 216162199b28c13a410421893ffa2e32 -> 
  custom:video-decoder-ogg-theora: a1e56fd34408186e4bbccfd4996cb3dc -> 
  custom:container-muxer-webm: aa71ff27fc2769a1b78a27578f13a17b -> 
  custom:container-demuxer-webm: 4f35f7cbe854078d1ac9338744f61a02 -> 
  custom:container-demuxer-ogg: 62fdf1f143b41e24485cea50d1cbac27 -> 
  custom:video-encoder-webm-vp8: eb34c28f22e8b96e1ab97ce403110664 -> 
  custom:video-decoder-webm-vp8: 9c59270c3fd7afecdb556c50c9e8de78 -> 
  custom:audio-decoder-ogg-vorbis: bf7c407c2cedff20999df2af8eb42d56 -> 
  custom:audio-encoder-webm-vorbis: bf7c407c2cedff20999df2af8eb42d56 -> 
========================================================================
Received Import Request.
  Time since last request: 26.886153 seconds.
  path: Assets/Scripts/Image Tracking.cs
  artifactKey: Guid(4822fb2f113c3f1459372c3b22ad5690) Importer(815301076,1909f56bfc062723c751e8b465ee728b)
Start importing Assets/Scripts/Image Tracking.cs using Guid(4822fb2f113c3f1459372c3b22ad5690) Importer(815301076,1909f56bfc062723c751e8b465ee728b)  -> (artifact id: 'dc0012671b5b29d1b638a16582042eac') in 0.008016 seconds 
  Import took 0.012043 seconds .

========================================================================
Received Prepare
Registering precompiled user dll's ...
Registered in 0.006007 seconds.
Begin MonoManager ReloadAssembly
Native extension for WindowsStandalone target not found
Refreshing native plugins compatible for Editor in 0.65 ms, found 2 plugins.
Preloading 0 native plugins for Editor in 0.00 ms.
Mono: successfully reloaded assembly
- Completed reload, in  1.674 seconds
Domain Reload Profiling:
	ReloadAssembly (1675ms)
		BeginReloadAssembly (172ms)
			ExecutionOrderSort (0ms)
			DisableScriptedObjects (7ms)
			BackupInstance (0ms)
			ReleaseScriptingObjects (0ms)
			CreateAndSetChildDomain (47ms)
		EndReloadAssembly (1384ms)
			LoadAssemblies (140ms)
			RebuildTransferFunctionScriptingTraits (0ms)
			SetupTypeCache (415ms)
			ReleaseScriptCaches (1ms)
			RebuildScriptCaches (106ms)
			SetupLoadedEditorAssemblies (537ms)
				LogAssemblyErrors (0ms)
				InitializePlatformSupportModulesInManaged (7ms)
				SetLoadedEditorAssemblies (1ms)
				RefreshPlugins (1ms)
				BeforeProcessingInitializeOnLoad (97ms)
				ProcessInitializeOnLoadAttributes (416ms)
				ProcessInitializeOnLoadMethodAttributes (5ms)
				AfterProcessingInitializeOnLoad (11ms)
				EditorAssembliesLoaded (0ms)
			ExecutionOrderSort2 (0ms)
			AwakeInstancesAfterBackupRestoration (9ms)
Platform modules already initialized, skipping
Refreshing native plugins compatible for Editor in 0.51 ms, found 2 plugins.
Preloading 0 native plugins for Editor in 0.00 ms.
Unloading 1806 Unused Serialized files (Serialized files now loaded: 0)
System memory in use before: 78.1 MB.
System memory in use after: 78.2 MB.

Unloading 15 unused Assets to reduce memory usage. Loaded Objects now: 2260.
Total: 4.175900 ms (FindLiveObjects: 0.256600 ms CreateObjectMapping: 0.064700 ms MarkObjects: 3.802900 ms  DeleteObjects: 0.049700 ms)

AssetImportParameters requested are different than current active one (requested -> active):
  custom:framework-win-MediaFoundation: 216162199b28c13a410421893ffa2e32 -> 
  custom:video-decoder-ogg-theora: a1e56fd34408186e4bbccfd4996cb3dc -> 
  custom:container-muxer-webm: aa71ff27fc2769a1b78a27578f13a17b -> 
  custom:container-demuxer-webm: 4f35f7cbe854078d1ac9338744f61a02 -> 
  custom:container-demuxer-ogg: 62fdf1f143b41e24485cea50d1cbac27 -> 
  custom:video-encoder-webm-vp8: eb34c28f22e8b96e1ab97ce403110664 -> 
  custom:video-decoder-webm-vp8: 9c59270c3fd7afecdb556c50c9e8de78 -> 
  custom:audio-decoder-ogg-vorbis: bf7c407c2cedff20999df2af8eb42d56 -> 
  custom:audio-encoder-webm-vorbis: bf7c407c2cedff20999df2af8eb42d56 -> 
AssetImportWorkerClient::OnTransportError - code=2 error=End of file
